<?xml version="1.0" encoding="UTF-8"?>
<!-- Generated by org.testng.reporters.JUnitReportReporter -->
<testsuite hostname="DESKTOP-DIOOLFK" failures="0" tests="2" name="com.bat.LandTraningSeleniumAutomation.Test.PodobiRegistrationTest" time="56.879" errors="0" timestamp="2021-09-26T10:17:03 BDT" skipped="0">
  <testcase classname="com.bat.LandTraningSeleniumAutomation.Test.PodobiRegistrationTest" name="dashboardToPodobiRegistrationPage" time="7.530"/>
  <system-out/>
  <testcase classname="com.bat.LandTraningSeleniumAutomation.Test.PodobiRegistrationTest" name="newPodobiRegistration" time="49.349"/>
  <system-out/>
</testsuite> <!-- com.bat.LandTraningSeleniumAutomation.Test.PodobiRegistrationTest -->
