<?xml version="1.0" encoding="UTF-8"?>
<!-- Generated by org.testng.reporters.JUnitReportReporter -->
<testsuite hostname="DESKTOP-DIOOLFK" failures="0" tests="2" name="com.bat.LandTraningSeleniumAutomation.Test.OfficeRegistrationTest" time="41.641" errors="0" timestamp="2021-09-26T10:17:03 BDT" skipped="0">
  <testcase classname="com.bat.LandTraningSeleniumAutomation.Test.OfficeRegistrationTest" name="newOffRegistration" time="30.558"/>
  <system-out/>
  <testcase classname="com.bat.LandTraningSeleniumAutomation.Test.OfficeRegistrationTest" name="dashboardToOffRegistrationPage" time="11.083"/>
  <system-out/>
</testsuite> <!-- com.bat.LandTraningSeleniumAutomation.Test.OfficeRegistrationTest -->
