<?xml version="1.0" encoding="UTF-8"?>
<!-- Generated by org.testng.reporters.JUnitReportReporter -->
<testsuite hostname="DESKTOP-DIOOLFK" failures="0" tests="2" name="com.bat.LandTraningSeleniumAutomation.Test.PodobiRegistrationTest" time="51.065" errors="0" timestamp="2021-09-25T19:41:22 BDT" skipped="0">
  <testcase classname="com.bat.LandTraningSeleniumAutomation.Test.PodobiRegistrationTest" name="dashboardToPodobiRegistrationPage" time="9.190"/>
  <system-out/>
  <testcase classname="com.bat.LandTraningSeleniumAutomation.Test.PodobiRegistrationTest" name="newPodobiRegistration" time="41.875"/>
  <system-out/>
</testsuite> <!-- com.bat.LandTraningSeleniumAutomation.Test.PodobiRegistrationTest -->
