<?xml version="1.0" encoding="UTF-8"?>
<!-- Generated by org.testng.reporters.JUnitReportReporter -->
<testsuite hostname="DESKTOP-DIOOLFK" failures="0" tests="2" name="com.bat.LandTraningSeleniumAutomation.Test.OfficeRegistrationTest" time="41.752" errors="0" timestamp="2021-09-25T19:41:22 BDT" skipped="0">
  <testcase classname="com.bat.LandTraningSeleniumAutomation.Test.OfficeRegistrationTest" name="dashboardToOffRegistrationPage" time="11.138"/>
  <system-out/>
  <testcase classname="com.bat.LandTraningSeleniumAutomation.Test.OfficeRegistrationTest" name="newOffRegistration" time="30.614"/>
  <system-out/>
</testsuite> <!-- com.bat.LandTraningSeleniumAutomation.Test.OfficeRegistrationTest -->
